Build started 1/23/2016 9:17:58 PM.
     1>Project "C:\Users\Naveed\Documents\Visual Studio 2015\Projects\AR Game\AR Game.vcxproj" on node 2 (Build target(s)).
     1>ClCompile:
         C:\Program Files (x86)\Microsoft Visual Studio 14.0\VC\bin\CL.exe /c /Zi /nologo /W3 /WX- /sdl /O2 /Oi /Oy- /GL /D _MBCS /Gm- /EHsc /MD /GS /Gy /fp:precise /Zc:wchar_t /Zc:forScope /Zc:inline /Fo"Release\\" /Fd"Release\vc140.pdb" /Gd /TP /analyze- /errorReport:prompt Tracking.cpp Utility\AccelerometerCalibrator\AccelerometerCalibrator.cpp Utility\Camera\CaptureDevice.cpp Utility\Camera\CaptureDevice_PGRCamera2.cpp Utility\Camera\CaptureDevice_PGRCamera2_FireflyMV.cpp Utility\GraphRenderer\GraphRenderer.cpp Utility\GyroCalibrator\GyroCalibrator.cpp Utility\ImageProcessing\Binarizer.cpp Utility\ImageProcessing\ObjectTracker.cpp Utility\ImageProcessing\RegionLabeler.cpp Utility\Inputter\Inputter.cpp Utility\Renderer\ImageRenderer.cpp Utility\Renderer\Renderer.cpp Utility\Renderer\TextRenderer.cpp Utility\RS232C\rs232c.cpp Utility\SensorDataReceiver\SensorDataReceiver.cpp Utility\SensorDataVisualizer\SensorDataVisualizer.cpp Utility\Timer\Timer.cpp
         Tracking.cpp
     1>c:\users\naveed\documents\visual studio 2015\projects\ar game\libraries\opencv2\include\opencv2\flann\logger.h(66): error C4996: 'fopen': This function or variable may be unsafe. Consider using fopen_s instead. To disable deprecation, use _CRT_SECURE_NO_WARNINGS. See online help for details.
         C:\Program Files (x86)\Windows Kits\10\Include\10.0.10150.0\ucrt\stdio.h(205): note: see declaration of 'fopen'
     1>C:\Users\Naveed\Documents\Visual Studio 2015\Projects\AR Game\Libraries\OpenCV2\include\opencv2/legacy/compat.hpp : warning C4819: The file contains a character that cannot be represented in the current code page (932). Save the file in Unicode format to prevent data loss
     1>Tracking.cpp(113): warning C4244: 'argument': conversion from 'const int' to 'float', possible loss of data
     1>Tracking.cpp(139): warning C4244: 'argument': conversion from 'double' to 'float', possible loss of data
     1>Tracking.cpp(140): warning C4244: 'argument': conversion from 'double' to 'float', possible loss of data
     1>Tracking.cpp(216): warning C4244: 'argument': conversion from 'double' to 'float', possible loss of data
     1>Tracking.cpp(226): warning C4244: 'argument': conversion from 'double' to 'float', possible loss of data
     1>Tracking.cpp(275): warning C4244: 'argument': conversion from 'const double' to 'float', possible loss of data
     1>Tracking.cpp(312): warning C4244: 'argument': conversion from 'float' to 'int', possible loss of data
     1>Tracking.cpp(314): warning C4244: 'argument': conversion from 'float' to 'int', possible loss of data
     1>Tracking.cpp(343): warning C4244: 'argument': conversion from 'float' to 'int', possible loss of data
     1>Tracking.cpp(345): warning C4244: 'argument': conversion from 'float' to 'int', possible loss of data
     1>Tracking.cpp(372): warning C4244: 'argument': conversion from 'float' to 'int', possible loss of data
     1>Tracking.cpp(374): warning C4244: 'argument': conversion from 'float' to 'int', possible loss of data
         AccelerometerCalibrator.cpp
     1>Utility\AccelerometerCalibrator\AccelerometerCalibrator.cpp(12): warning C4477: 'printf' : format string '%d' requires an argument of type 'int', but variadic argument 1 has type 'const char *'
     1>Utility\AccelerometerCalibrator\AccelerometerCalibrator.cpp(16): error C4996: '_snscanf': This function or variable may be unsafe. Consider using _snscanf_s instead. To disable deprecation, use _CRT_SECURE_NO_WARNINGS. See online help for details.
         C:\Program Files (x86)\Windows Kits\10\Include\10.0.10150.0\ucrt\stdio.h(2345): note: see declaration of '_snscanf'
         CaptureDevice.cpp
         CaptureDevice_PGRCamera2.cpp
     1>c:\users\naveed\documents\visual studio 2015\projects\ar game\libraries\pgrflycapture2\include\Error.h(38): error C2143: syntax error: missing ')' before '('
     1>c:\users\naveed\documents\visual studio 2015\projects\ar game\libraries\pgrflycapture2\include\Error.h(38): error C2079: 'visibility' uses undefined class 'FlyCapture2::__attribute__'
     1>c:\users\naveed\documents\visual studio 2015\projects\ar game\libraries\pgrflycapture2\include\Error.h(38): error C2059: syntax error: ')'
     1>c:\users\naveed\documents\visual studio 2015\projects\ar game\libraries\pgrflycapture2\include\Error.h(39): error C2440: 'initializing': cannot convert from 'const char [8]' to 'int'
         c:\users\naveed\documents\visual studio 2015\projects\ar game\libraries\pgrflycapture2\include\Error.h(39): note: There is no context in which this conversion is possible
     1>c:\users\naveed\documents\visual studio 2015\projects\ar game\libraries\pgrflycapture2\include\Error.h(39): error C2146: syntax error: missing ';' before identifier 'Error'
     1>c:\users\naveed\documents\visual studio 2015\projects\ar game\libraries\pgrflycapture2\include\Error.h(39): error C4430: missing type specifier - int assumed. Note: C++ does not support default-int
     1>c:\users\naveed\documents\visual studio 2015\projects\ar game\libraries\pgrflycapture2\include\Error.h(40): error C2059: syntax error: 'public'
     1>c:\users\naveed\documents\visual studio 2015\projects\ar game\libraries\pgrflycapture2\include\Error.h(45): error C4430: missing type specifier - int assumed. Note: C++ does not support default-int
     1>c:\users\naveed\documents\visual studio 2015\projects\ar game\libraries\pgrflycapture2\include\Error.h(45): error C2365: 'FlyCapture2::Error': redefinition; previous definition was 'data variable'
         c:\users\naveed\documents\visual studio 2015\projects\ar game\libraries\pgrflycapture2\include\Error.h(39): note: see declaration of 'FlyCapture2::Error'
     1>c:\users\naveed\documents\visual studio 2015\projects\ar game\libraries\pgrflycapture2\include\Error.h(50): error C4430: missing type specifier - int assumed. Note: C++ does not support default-int
     1>c:\users\naveed\documents\visual studio 2015\projects\ar game\libraries\pgrflycapture2\include\Error.h(50): error C2143: syntax error: missing ',' before '&'
     1>c:\users\naveed\documents\visual studio 2015\projects\ar game\libraries\pgrflycapture2\include\Error.h(50): error C2365: 'FlyCapture2::Error': redefinition; previous definition was 'data variable'
         c:\users\naveed\documents\visual studio 2015\projects\ar game\libraries\pgrflycapture2\include\Error.h(39): note: see declaration of 'FlyCapture2::Error'
     1>c:\users\naveed\documents\visual studio 2015\projects\ar game\libraries\pgrflycapture2\include\Error.h(55): error C2588: '::~Error': illegal global destructor
     1>c:\users\naveed\documents\visual studio 2015\projects\ar game\libraries\pgrflycapture2\include\Error.h(55): error C2575: 'Error': only member functions and bases can be virtual
     1>c:\users\naveed\documents\visual studio 2015\projects\ar game\libraries\pgrflycapture2\include\Error.h(55): error C4430: missing type specifier - int assumed. Note: C++ does not support default-int
     1>c:\users\naveed\documents\visual studio 2015\projects\ar game\libraries\pgrflycapture2\include\Error.h(55): error C2365: 'FlyCapture2::Error': redefinition; previous definition was 'data variable'
         c:\users\naveed\documents\visual studio 2015\projects\ar game\libraries\pgrflycapture2\include\Error.h(39): note: see declaration of 'FlyCapture2::Error'
     1>c:\users\naveed\documents\visual studio 2015\projects\ar game\libraries\pgrflycapture2\include\Error.h(60): error C2143: syntax error: missing ';' before '&'
     1>c:\users\naveed\documents\visual studio 2015\projects\ar game\libraries\pgrflycapture2\include\Error.h(60): error C2433: 'Error': 'virtual' not permitted on data declarations
     1>c:\users\naveed\documents\visual studio 2015\projects\ar game\libraries\pgrflycapture2\include\Error.h(60): error C4430: missing type specifier - int assumed. Note: C++ does not support default-int
     1>c:\users\naveed\documents\visual studio 2015\projects\ar game\libraries\pgrflycapture2\include\Error.h(60): error C2086: 'int FlyCapture2::Error': redefinition
         c:\users\naveed\documents\visual studio 2015\projects\ar game\libraries\pgrflycapture2\include\Error.h(39): note: see declaration of 'FlyCapture2::Error'
     1>c:\users\naveed\documents\visual studio 2015\projects\ar game\libraries\pgrflycapture2\include\Error.h(60): error C2143: syntax error: missing ',' before '&'
     1>c:\users\naveed\documents\visual studio 2015\projects\ar game\libraries\pgrflycapture2\include\Error.h(60): error C2801: 'FlyCapture2::operator =' must be a non-static member
     1>c:\users\naveed\documents\visual studio 2015\projects\ar game\libraries\pgrflycapture2\include\Error.h(65): error C4430: missing type specifier - int assumed. Note: C++ does not support default-int
     1>c:\users\naveed\documents\visual studio 2015\projects\ar game\libraries\pgrflycapture2\include\Error.h(65): error C2143: syntax error: missing ',' before '&'
     1>c:\users\naveed\documents\visual studio 2015\projects\ar game\libraries\pgrflycapture2\include\Error.h(65): error C2270: '==': modifiers not allowed on nonmember functions
     1>c:\users\naveed\documents\visual studio 2015\projects\ar game\libraries\pgrflycapture2\include\Error.h(65): error C2803: 'operator ==' must have at least one formal parameter of class type
     1>c:\users\naveed\documents\visual studio 2015\projects\ar game\libraries\pgrflycapture2\include\Error.h(65): error C2805: binary 'operator ==' has too few parameters
     1>c:\users\naveed\documents\visual studio 2015\projects\ar game\libraries\pgrflycapture2\include\Error.h(71): error C2270: '==': modifiers not allowed on nonmember functions
     1>c:\users\naveed\documents\visual studio 2015\projects\ar game\libraries\pgrflycapture2\include\Error.h(71): error C2805: binary 'operator ==' has too few parameters
     1>c:\users\naveed\documents\visual studio 2015\projects\ar game\libraries\pgrflycapture2\include\Error.h(76): error C4430: missing type specifier - int assumed. Note: C++ does not support default-int
     1>c:\users\naveed\documents\visual studio 2015\projects\ar game\libraries\pgrflycapture2\include\Error.h(76): error C2143: syntax error: missing ',' before '&'
     1>c:\users\naveed\documents\visual studio 2015\projects\ar game\libraries\pgrflycapture2\include\Error.h(76): error C2270: '!=': modifiers not allowed on nonmember functions
     1>c:\users\naveed\documents\visual studio 2015\projects\ar game\libraries\pgrflycapture2\include\Error.h(76): error C2803: 'operator !=' must have at least one formal parameter of class type
     1>c:\users\naveed\documents\visual studio 2015\projects\ar game\libraries\pgrflycapture2\include\Error.h(76): error C2805: binary 'operator !=' has too few parameters
     1>c:\users\naveed\documents\visual studio 2015\projects\ar game\libraries\pgrflycapture2\include\Error.h(82): error C2270: '!=': modifiers not allowed on nonmember functions
     1>c:\users\naveed\documents\visual studio 2015\projects\ar game\libraries\pgrflycapture2\include\Error.h(82): error C2805: binary 'operator !=' has too few parameters
     1>c:\users\naveed\documents\visual studio 2015\projects\ar game\libraries\pgrflycapture2\include\Error.h(89): error C2270: 'GetType': modifiers not allowed on nonmember functions
     1>c:\users\naveed\documents\visual studio 2015\projects\ar game\libraries\pgrflycapture2\include\Error.h(96): error C2270: 'GetDescription': modifiers not allowed on nonmember functions
     1>c:\users\naveed\documents\visual studio 2015\projects\ar game\libraries\pgrflycapture2\include\Error.h(103): error C2270: 'GetLine': modifiers not allowed on nonmember functions
     1>c:\users\naveed\documents\visual studio 2015\projects\ar game\libraries\pgrflycapture2\include\Error.h(110): error C2270: 'GetFilename': modifiers not allowed on nonmember functions
     1>c:\users\naveed\documents\visual studio 2015\projects\ar game\libraries\pgrflycapture2\include\Error.h(117): error C2433: 'Error': 'virtual' not permitted on data declarations
     1>c:\users\naveed\documents\visual studio 2015\projects\ar game\libraries\pgrflycapture2\include\Error.h(117): error C4430: missing type specifier - int assumed. Note: C++ does not support default-int
     1>c:\users\naveed\documents\visual studio 2015\projects\ar game\libraries\pgrflycapture2\include\Error.h(117): error C2086: 'int FlyCapture2::Error': redefinition
         c:\users\naveed\documents\visual studio 2015\projects\ar game\libraries\pgrflycapture2\include\Error.h(39): note: see declaration of 'FlyCapture2::Error'
     1>c:\users\naveed\documents\visual studio 2015\projects\ar game\libraries\pgrflycapture2\include\Error.h(117): error C2146: syntax error: missing ';' before identifier 'GetCause'
     1>c:\users\naveed\documents\visual studio 2015\projects\ar game\libraries\pgrflycapture2\include\Error.h(117): error C2270: 'GetCause': modifiers not allowed on nonmember functions
     1>c:\users\naveed\documents\visual studio 2015\projects\ar game\libraries\pgrflycapture2\include\Error.h(124): error C2270: 'GetBuildDate': modifiers not allowed on nonmember functions
     1>c:\users\naveed\documents\visual studio 2015\projects\ar game\libraries\pgrflycapture2\include\Error.h(132): error C2270: 'CollectSupportInformation': modifiers not allowed on nonmember functions
     1>c:\users\naveed\documents\visual studio 2015\projects\ar game\libraries\pgrflycapture2\include\Error.h(137): error C2270: 'PrintErrorTrace': modifiers not allowed on nonmember functions
     1>c:\users\naveed\documents\visual studio 2015\projects\ar game\libraries\pgrflycapture2\include\Error.h(139): error C2059: syntax error: 'protected'
     1>c:\users\naveed\documents\visual studio 2015\projects\ar game\libraries\pgrflycapture2\include\Error.h(141): error C2059: syntax error: 'private'
     1>c:\users\naveed\documents\visual studio 2015\projects\ar game\libraries\pgrflycapture2\include\Error.h(144): error C2255: 'friend': not allowed outside of a class definition
     1>c:\users\naveed\documents\visual studio 2015\projects\ar game\libraries\pgrflycapture2\include\Error.h(146): error C2059: syntax error: '}'
     1>c:\users\naveed\documents\visual studio 2015\projects\ar game\libraries\pgrflycapture2\include\Error.h(146): error C2143: syntax error: missing ';' before '}'
     1>c:\users\naveed\documents\visual studio 2015\projects\ar game\libraries\pgrflycapture2\include\BusManager.h(29): error C2143: syntax error: missing ';' before '{'
     1>c:\users\naveed\documents\visual studio 2015\projects\ar game\libraries\pgrflycapture2\include\BusManager.h(29): error C2447: '{': missing function header (old-style formal list?)
     1>c:\users\naveed\documents\visual studio 2015\projects\ar game\libraries\pgrflycapture2\include\CameraBase.h(47): error C2143: syntax error: missing ')' before '('
     1>c:\users\naveed\documents\visual studio 2015\projects\ar game\libraries\pgrflycapture2\include\CameraBase.h(47): error C2079: 'visibility' uses undefined class 'FlyCapture2::__attribute__'
     1>c:\users\naveed\documents\visual studio 2015\projects\ar game\libraries\pgrflycapture2\include\CameraBase.h(47): error C2374: 'FlyCapture2::visibility': redefinition; multiple initialization
         c:\users\naveed\documents\visual studio 2015\projects\ar game\libraries\pgrflycapture2\include\Error.h(38): note: see declaration of 'FlyCapture2::visibility'
     1>c:\users\naveed\documents\visual studio 2015\projects\ar game\libraries\pgrflycapture2\include\CameraBase.h(47): error C2059: syntax error: ')'
     1>c:\users\naveed\documents\visual studio 2015\projects\ar game\libraries\pgrflycapture2\include\CameraBase.h(48): error C2440: 'initializing': cannot convert from 'const char [8]' to 'int'
         c:\users\naveed\documents\visual studio 2015\projects\ar game\libraries\pgrflycapture2\include\CameraBase.h(48): note: There is no context in which this conversion is possible
     1>c:\users\naveed\documents\visual studio 2015\projects\ar game\libraries\pgrflycapture2\include\CameraBase.h(48): error C2146: syntax error: missing ';' before identifier 'CameraBase'
     1>c:\users\naveed\documents\visual studio 2015\projects\ar game\libraries\pgrflycapture2\include\CameraBase.h(48): error C4430: missing type specifier - int assumed. Note: C++ does not support default-int
     1>c:\users\naveed\documents\visual studio 2015\projects\ar game\libraries\pgrflycapture2\include\CameraBase.h(49): error C2059: syntax error: 'public'
     1>c:\users\naveed\documents\visual studio 2015\projects\ar game\libraries\pgrflycapture2\include\CameraBase.h(54): error C4430: missing type specifier - int assumed. Note: C++ does not support default-int
     1>c:\users\naveed\documents\visual studio 2015\projects\ar game\libraries\pgrflycapture2\include\CameraBase.h(54): error C2365: 'FlyCapture2::CameraBase': redefinition; previous definition was 'data variable'
         c:\users\naveed\documents\visual studio 2015\projects\ar game\libraries\pgrflycapture2\include\CameraBase.h(48): note: see declaration of 'FlyCapture2::CameraBase'
     1>c:\users\naveed\documents\visual studio 2015\projects\ar game\libraries\pgrflycapture2\include\CameraBase.h(54): warning C4508: 'FlyCapture2::CameraBase': function should return a value; 'void' return type assumed
     1>c:\users\naveed\documents\visual studio 2015\projects\ar game\libraries\pgrflycapture2\include\CameraBase.h(59): error C2588: '::~CameraBase': illegal global destructor
     1>c:\users\naveed\documents\visual studio 2015\projects\ar game\libraries\pgrflycapture2\include\CameraBase.h(59): error C2575: 'CameraBase': only member functions and bases can be virtual
     1>c:\users\naveed\documents\visual studio 2015\projects\ar game\libraries\pgrflycapture2\include\CameraBase.h(59): error C4430: missing type specifier - int assumed. Note: C++ does not support default-int
     1>c:\users\naveed\documents\visual studio 2015\projects\ar game\libraries\pgrflycapture2\include\CameraBase.h(59): error C2365: 'FlyCapture2::CameraBase': redefinition; previous definition was 'data variable'
         c:\users\naveed\documents\visual studio 2015\projects\ar game\libraries\pgrflycapture2\include\CameraBase.h(48): note: see declaration of 'FlyCapture2::CameraBase'
     1>c:\users\naveed\documents\visual studio 2015\projects\ar game\libraries\pgrflycapture2\include\CameraBase.h(59): warning C4508: 'FlyCapture2::CameraBase': function should return a value; 'void' return type assumed
     1>c:\users\naveed\documents\visual studio 2015\projects\ar game\libraries\pgrflycapture2\include\CameraBase.h(81): error C2433: 'Error': 'virtual' not permitted on data declarations
     1>c:\users\naveed\documents\visual studio 2015\projects\ar game\libraries\pgrflycapture2\include\CameraBase.h(81): error C4430: missing type specifier - int assumed. Note: C++ does not support default-int
     1>c:\users\naveed\documents\visual studio 2015\projects\ar game\libraries\pgrflycapture2\include\CameraBase.h(81): error C2086: 'int FlyCapture2::Error': redefinition
         c:\users\naveed\documents\visual studio 2015\projects\ar game\libraries\pgrflycapture2\include\Error.h(39): note: see declaration of 'FlyCapture2::Error'
     1>c:\users\naveed\documents\visual studio 2015\projects\ar game\libraries\pgrflycapture2\include\CameraBase.h(81): error C2146: syntax error: missing ';' before identifier 'Connect'
     1>c:\users\naveed\documents\visual studio 2015\projects\ar game\libraries\pgrflycapture2\include\CameraBase.h(81): error C2059: syntax error: 'constant'
     1>c:\users\naveed\documents\visual studio 2015\projects\ar game\libraries\pgrflycapture2\include\CameraBase.h(91): error C2433: 'Error': 'virtual' not permitted on data declarations
     1>c:\users\naveed\documents\visual studio 2015\projects\ar game\libraries\pgrflycapture2\include\CameraBase.h(91): error C4430: missing type specifier - int assumed. Note: C++ does not support default-int
     1>c:\users\naveed\documents\visual studio 2015\projects\ar game\libraries\pgrflycapture2\include\CameraBase.h(91): error C2086: 'int FlyCapture2::Error': redefinition
         c:\users\naveed\documents\visual studio 2015\projects\ar game\libraries\pgrflycapture2\include\Error.h(39): note: see declaration of 'FlyCapture2::Error'
     1>c:\users\naveed\documents\visual studio 2015\projects\ar game\libraries\pgrflycapture2\include\CameraBase.h(91): fatal error C1903: unable to recover from previous error(s); stopping compilation
         INTERNAL COMPILER ERROR in 'C:\Program Files (x86)\Microsoft Visual Studio 14.0\VC\bin\CL.exe'
             Please choose the Technical Support command on the Visual C++
             Help menu, or open the Technical Support help file for more information
     1>Done Building Project "C:\Users\Naveed\Documents\Visual Studio 2015\Projects\AR Game\AR Game.vcxproj" (Build target(s)) -- FAILED.

Build FAILED.

Time Elapsed 00:00:02.53
